<?xml version="1.0" encoding="UTF-8"?>
<testsuite xmlns:xsi="http://www.w3.org/2001/XMLSchema-instance" xsi:noNamespaceSchemaLocation="https://maven.apache.org/surefire/maven-surefire-plugin/xsd/surefire-test-report-3.0.xsd" version="3.0" name="TestSuite" time="46.931" tests="2" errors="0" skipped="0" failures="0">
  <properties>
[...]
</properties>
  <testcase name="loginTest" classname="com.inetbanking.testCases.TC_LoginTest_001" time="1.885">
    <system-out><![CDATA[[TestNGContentHandler] [WARN] It is strongly recommended to add "<!DOCTYPE suite SYSTEM "http://testng.org/testng-1.0.dtd" >" at the top of your file, otherwise TestNG may fail or not work as expected.
 INFO [main] (TC_LoginTest_001.java:21)- Enter username
 INFO [main] (TC_LoginTest_001.java:24)- Enter password
 INFO [main] (TC_LoginTest_001.java:27)- clicked on login button
 INFO [main] (TC_LoginTest_001.java:32)- Login Test passed
]]></system-out>
    <system-err><![CDATA[Starting ChromeDriver 83.0.4103.39 (ccbf011cb2d2b19b506d844400483861342c20cd-refs/branch-heads/4103@{#416}) on port 15676
Only local connections are allowed.
Please see https://chromedriver.chromium.org/security-considerations for suggestions on keeping ChromeDriver safe.
ChromeDriver was started successfully.
Jun 21, 2020 9:27:10 AM org.openqa.selenium.remote.ProtocolHandshake createSession
INFO: Detected dialect: W3C
]]></system-err>
  </testcase>
  <testcase name="addCustomer" classname="com.inetbanking.testCases.TC_NewCustomer_003" time="24.878">
    <system-out><![CDATA[ INFO [main] (TC_NewCustomer_003.java:27)- Entered username
 INFO [main] (TC_NewCustomer_003.java:30)- Entered password
 INFO [main] (TC_NewCustomer_003.java:33)- clicked on login button
 INFO [main] (TC_NewCustomer_003.java:40)- clicked on new customer
 INFO [main] (TC_NewCustomer_003.java:45)- Entered customer name
 INFO [main] (TC_NewCustomer_003.java:48)- gender selected
 INFO [main] (TC_NewCustomer_003.java:51)- Entered DOB
 INFO [main] (TC_NewCustomer_003.java:56)- Entered address
 INFO [main] (TC_NewCustomer_003.java:59)- Entered City
 INFO [main] (TC_NewCustomer_003.java:62)- Entered State
 INFO [main] (TC_NewCustomer_003.java:65)- PIN No entered
 INFO [main] (TC_NewCustomer_003.java:68)- Entered Phone number
 INFO [main] (TC_NewCustomer_003.java:71)- Entered Email Id
 INFO [main] (TC_NewCustomer_003.java:74)- Entered password
 INFO [main] (TC_NewCustomer_003.java:79)- clicked on submit button
 INFO [main] (TC_NewCustomer_003.java:84)- New customer registered successfully
 INFO [main] (TC_NewCustomer_003.java:86)- CustomerId:83731
 INFO [main] (TC_NewCustomer_003.java:87)- Test Passed
]]></system-out>
    <system-err><![CDATA[Starting ChromeDriver 83.0.4103.39 (ccbf011cb2d2b19b506d844400483861342c20cd-refs/branch-heads/4103@{#416}) on port 32667
Only local connections are allowed.
Please see https://chromedriver.chromium.org/security-considerations for suggestions on keeping ChromeDriver safe.
ChromeDriver was started successfully.
Jun 21, 2020 9:27:20 AM org.openqa.selenium.remote.ProtocolHandshake createSession
INFO: Detected dialect: W3C
]]></system-err>
  </testcase>
</testsuite>